<?xml version="1.0" encoding="UTF-8"?>
<testng-results ignored="0" total="1" passed="1" failed="0" skipped="0">
  <reporter-output>
    <line>
      <![CDATA[setLoginPageUserName]]>
    </line>
    <line>
      <![CDATA[setLoginPagePassWord]]>
    </line>
    <line>
      <![CDATA[clickLoginPageLoginBtn]]>
    </line>
    <line>
      <![CDATA[verifyLoginPageProductLogo]]>
    </line>
    <line>
      <![CDATA[verifyLoginPageSwabLabLogo]]>
    </line>
  </reporter-output>
  <suite started-at="2024-07-05T19:38:43 IST" name="Default suite" finished-at="2024-07-05T19:38:48 IST" duration-ms="5341">
    <groups>
    </groups>
    <test started-at="2024-07-05T19:38:43 IST" name="Default test" finished-at="2024-07-05T19:38:48 IST" duration-ms="5341">
      <class name="POM2.InventoryPageTest">
        <test-method is-config="true" signature="setUp()[pri:0, instance:POM2.InventoryPageTest@35dab4eb]" started-at="2024-07-05T19:38:43 IST" name="setUp" finished-at="2024-07-05T19:38:46 IST" duration-ms="2662" status="PASS">
          <reporter-output>
          </reporter-output>
        </test-method> <!-- setUp -->
        <test-method signature="SwabLabInventoryPage()[pri:0, instance:POM2.InventoryPageTest@35dab4eb]" started-at="2024-07-05T19:38:46 IST" name="SwabLabInventoryPage" finished-at="2024-07-05T19:38:48 IST" duration-ms="2509" status="PASS">
          <reporter-output>
            <line>
              <![CDATA[setLoginPageUserName]]>
            </line>
            <line>
              <![CDATA[setLoginPagePassWord]]>
            </line>
            <line>
              <![CDATA[clickLoginPageLoginBtn]]>
            </line>
            <line>
              <![CDATA[verifyLoginPageProductLogo]]>
            </line>
            <line>
              <![CDATA[verifyLoginPageSwabLabLogo]]>
            </line>
          </reporter-output>
        </test-method> <!-- SwabLabInventoryPage -->
        <test-method is-config="true" signature="tearDown()[pri:0, instance:POM2.InventoryPageTest@35dab4eb]" started-at="2024-07-05T19:38:48 IST" name="tearDown" finished-at="2024-07-05T19:38:48 IST" duration-ms="130" status="PASS">
          <reporter-output>
          </reporter-output>
        </test-method> <!-- tearDown -->
      </class> <!-- POM2.InventoryPageTest -->
    </test> <!-- Default test -->
  </suite> <!-- Default suite -->
</testng-results>
